2022/12/21 12:28:02 [notice] 1#1: using the "epoll" event method
2022/12/21 12:28:02 [notice] 1#1: nginx/1.23.3
2022/12/21 12:28:02 [notice] 1#1: built by gcc 10.2.1 20210110 (Debian 10.2.1-6) 
2022/12/21 12:28:02 [notice] 1#1: OS: Linux 5.15.0-53-generic
2022/12/21 12:28:02 [notice] 1#1: getrlimit(RLIMIT_NOFILE): 1048576:1048576
2022/12/21 12:28:02 [notice] 1#1: start worker processes
2022/12/21 12:28:02 [notice] 1#1: start worker process 20
2022/12/21 12:28:02 [notice] 1#1: start worker process 21
2022/12/21 12:42:58 [notice] 1#1: signal 3 (SIGQUIT) received, shutting down
2022/12/21 12:42:58 [notice] 21#21: gracefully shutting down
2022/12/21 12:42:58 [notice] 20#20: gracefully shutting down
2022/12/21 12:42:58 [notice] 21#21: exiting
2022/12/21 12:42:58 [notice] 20#20: exiting
2022/12/21 12:42:58 [notice] 21#21: exit
2022/12/21 12:42:58 [notice] 20#20: exit
2022/12/21 12:42:58 [notice] 1#1: signal 17 (SIGCHLD) received from 21
2022/12/21 12:42:58 [notice] 1#1: worker process 21 exited with code 0
2022/12/21 12:42:58 [notice] 1#1: signal 29 (SIGIO) received
2022/12/21 12:42:58 [notice] 1#1: signal 17 (SIGCHLD) received from 20
2022/12/21 12:42:58 [notice] 1#1: worker process 20 exited with code 0
2022/12/21 12:42:58 [notice] 1#1: exit
2022/12/21 12:45:02 [notice] 1#1: using the "epoll" event method
2022/12/21 12:45:02 [notice] 1#1: nginx/1.23.3
2022/12/21 12:45:02 [notice] 1#1: built by gcc 10.2.1 20210110 (Debian 10.2.1-6) 
2022/12/21 12:45:02 [notice] 1#1: OS: Linux 5.15.0-53-generic
2022/12/21 12:45:02 [notice] 1#1: getrlimit(RLIMIT_NOFILE): 1048576:1048576
2022/12/21 12:45:02 [notice] 1#1: start worker processes
2022/12/21 12:45:02 [notice] 1#1: start worker process 20
2022/12/21 12:45:02 [notice] 1#1: start worker process 21
2022/12/21 12:46:22 [notice] 1#1: signal 3 (SIGQUIT) received, shutting down
2022/12/21 12:46:22 [notice] 21#21: gracefully shutting down
2022/12/21 12:46:22 [notice] 20#20: gracefully shutting down
2022/12/21 12:46:22 [notice] 21#21: exiting
2022/12/21 12:46:22 [notice] 20#20: exiting
2022/12/21 12:46:22 [notice] 21#21: exit
2022/12/21 12:46:22 [notice] 20#20: exit
2022/12/21 12:46:22 [notice] 1#1: signal 17 (SIGCHLD) received from 20
2022/12/21 12:46:22 [notice] 1#1: worker process 20 exited with code 0
2022/12/21 12:46:22 [notice] 1#1: worker process 21 exited with code 0
2022/12/21 12:46:22 [notice] 1#1: exit
2022/12/21 15:50:28 [notice] 1#1: using the "epoll" event method
2022/12/21 15:50:28 [notice] 1#1: nginx/1.23.3
2022/12/21 15:50:28 [notice] 1#1: built by gcc 10.2.1 20210110 (Debian 10.2.1-6) 
2022/12/21 15:50:28 [notice] 1#1: OS: Linux 5.15.0-53-generic
2022/12/21 15:50:28 [notice] 1#1: getrlimit(RLIMIT_NOFILE): 1048576:1048576
2022/12/21 15:50:28 [notice] 1#1: start worker processes
2022/12/21 15:50:28 [notice] 1#1: start worker process 20
2022/12/21 15:50:28 [notice] 1#1: start worker process 21
2022/12/21 15:50:55 [error] 21#21: *1 "/var/www/server/index.php" is not found (2: No such file or directory), client: 172.28.0.1, server: server, request: "GET / HTTP/1.1", host: "127.0.0.1"
2022/12/21 15:50:55 [error] 21#21: *1 open() "/var/www/server/favicon.ico" failed (2: No such file or directory), client: 172.28.0.1, server: server, request: "GET /favicon.ico HTTP/1.1", host: "127.0.0.1", referrer: "http://127.0.0.1/"
2022/12/21 15:52:10 [error] 20#20: *2 "/var/www/server/index.php" is not found (2: No such file or directory), client: 172.28.0.1, server: server, request: "GET / HTTP/1.1", host: "127.0.0.1"
2022/12/21 15:53:09 [notice] 1#1: signal 3 (SIGQUIT) received, shutting down
2022/12/21 15:53:09 [notice] 21#21: gracefully shutting down
2022/12/21 15:53:09 [notice] 21#21: exiting
2022/12/21 15:53:09 [notice] 21#21: exit
2022/12/21 15:53:09 [notice] 20#20: gracefully shutting down
2022/12/21 15:53:09 [notice] 20#20: exiting
2022/12/21 15:53:09 [notice] 20#20: exit
2022/12/21 15:53:09 [notice] 1#1: signal 17 (SIGCHLD) received from 20
2022/12/21 15:53:09 [notice] 1#1: worker process 20 exited with code 0
2022/12/21 15:53:09 [notice] 1#1: worker process 21 exited with code 0
2022/12/21 15:53:09 [notice] 1#1: exit
2022/12/21 15:53:16 [notice] 1#1: using the "epoll" event method
2022/12/21 15:53:16 [notice] 1#1: nginx/1.23.3
2022/12/21 15:53:16 [notice] 1#1: built by gcc 10.2.1 20210110 (Debian 10.2.1-6) 
2022/12/21 15:53:16 [notice] 1#1: OS: Linux 5.15.0-53-generic
2022/12/21 15:53:16 [notice] 1#1: getrlimit(RLIMIT_NOFILE): 1048576:1048576
2022/12/21 15:53:16 [notice] 1#1: start worker processes
2022/12/21 15:53:16 [notice] 1#1: start worker process 19
2022/12/21 15:53:16 [notice] 1#1: start worker process 20
2022/12/21 15:54:26 [error] 20#20: *1 "/var/www/server/index.php" is not found (2: No such file or directory), client: 172.29.0.1, server: server, request: "GET / HTTP/1.1", host: "127.0.0.1"
2022/12/21 15:55:21 [error] 20#20: *1 "/var/www/server/index.php" is not found (2: No such file or directory), client: 172.29.0.1, server: server, request: "GET / HTTP/1.1", host: "127.0.0.1"
2022/12/21 15:55:21 [error] 20#20: *1 "/var/www/server/index.php" is not found (2: No such file or directory), client: 172.29.0.1, server: server, request: "GET / HTTP/1.1", host: "127.0.0.1"
2022/12/21 15:55:21 [error] 20#20: *1 "/var/www/server/index.php" is not found (2: No such file or directory), client: 172.29.0.1, server: server, request: "GET / HTTP/1.1", host: "127.0.0.1"
2022/12/21 15:55:22 [error] 20#20: *1 "/var/www/server/index.php" is not found (2: No such file or directory), client: 172.29.0.1, server: server, request: "GET / HTTP/1.1", host: "127.0.0.1"
2022/12/21 15:55:22 [error] 20#20: *1 "/var/www/server/index.php" is not found (2: No such file or directory), client: 172.29.0.1, server: server, request: "GET / HTTP/1.1", host: "127.0.0.1"
2022/12/21 15:55:22 [error] 20#20: *1 "/var/www/server/index.php" is not found (2: No such file or directory), client: 172.29.0.1, server: server, request: "GET / HTTP/1.1", host: "127.0.0.1"
2022/12/21 15:55:59 [notice] 1#1: signal 3 (SIGQUIT) received, shutting down
2022/12/21 15:55:59 [notice] 19#19: gracefully shutting down
2022/12/21 15:55:59 [notice] 19#19: exiting
2022/12/21 15:55:59 [notice] 19#19: exit
2022/12/21 15:55:59 [notice] 20#20: gracefully shutting down
2022/12/21 15:55:59 [notice] 20#20: exiting
2022/12/21 15:55:59 [notice] 20#20: exit
2022/12/21 15:55:59 [notice] 1#1: signal 17 (SIGCHLD) received from 20
2022/12/21 15:55:59 [notice] 1#1: worker process 19 exited with code 0
2022/12/21 15:55:59 [notice] 1#1: worker process 20 exited with code 0
2022/12/21 15:55:59 [notice] 1#1: exit
2022/12/21 15:56:06 [notice] 1#1: using the "epoll" event method
2022/12/21 15:56:06 [notice] 1#1: nginx/1.23.3
2022/12/21 15:56:06 [notice] 1#1: built by gcc 10.2.1 20210110 (Debian 10.2.1-6) 
2022/12/21 15:56:06 [notice] 1#1: OS: Linux 5.15.0-53-generic
2022/12/21 15:56:06 [notice] 1#1: getrlimit(RLIMIT_NOFILE): 1048576:1048576
2022/12/21 15:56:06 [notice] 1#1: start worker processes
2022/12/21 15:56:06 [notice] 1#1: start worker process 19
2022/12/21 15:56:06 [notice] 1#1: start worker process 20
2022/12/21 15:56:20 [error] 20#20: *1 "/var/www/server/index.php" is not found (2: No such file or directory), client: 172.30.0.1, server: server, request: "GET / HTTP/1.1", host: "127.0.0.1"
2022/12/21 15:57:33 [notice] 1#1: signal 3 (SIGQUIT) received, shutting down
2022/12/21 15:57:33 [notice] 19#19: gracefully shutting down
2022/12/21 15:57:33 [notice] 19#19: exiting
2022/12/21 15:57:33 [notice] 19#19: exit
2022/12/21 15:57:33 [notice] 20#20: gracefully shutting down
2022/12/21 15:57:33 [notice] 20#20: exiting
2022/12/21 15:57:33 [notice] 20#20: exit
2022/12/21 15:57:34 [notice] 1#1: signal 17 (SIGCHLD) received from 19
2022/12/21 15:57:34 [notice] 1#1: worker process 19 exited with code 0
2022/12/21 15:57:34 [notice] 1#1: worker process 20 exited with code 0
2022/12/21 15:57:34 [notice] 1#1: exit
2022/12/21 15:57:45 [notice] 1#1: using the "epoll" event method
2022/12/21 15:57:45 [notice] 1#1: nginx/1.23.3
2022/12/21 15:57:45 [notice] 1#1: built by gcc 10.2.1 20210110 (Debian 10.2.1-6) 
2022/12/21 15:57:45 [notice] 1#1: OS: Linux 5.15.0-53-generic
2022/12/21 15:57:45 [notice] 1#1: getrlimit(RLIMIT_NOFILE): 1048576:1048576
2022/12/21 15:57:45 [notice] 1#1: start worker processes
2022/12/21 15:57:45 [notice] 1#1: start worker process 20
2022/12/21 15:57:45 [notice] 1#1: start worker process 21
2022/12/21 18:55:45 [notice] 1#1: using the "epoll" event method
2022/12/21 18:55:45 [notice] 1#1: nginx/1.23.3
2022/12/21 18:55:45 [notice] 1#1: built by gcc 10.2.1 20210110 (Debian 10.2.1-6) 
2022/12/21 18:55:45 [notice] 1#1: OS: Linux 5.15.0-53-generic
2022/12/21 18:55:45 [notice] 1#1: getrlimit(RLIMIT_NOFILE): 1048576:1048576
2022/12/21 18:55:45 [notice] 1#1: start worker processes
2022/12/21 18:55:45 [notice] 1#1: start worker process 19
2022/12/21 18:55:45 [notice] 1#1: start worker process 20
2023/01/12 15:32:02 [notice] 1#1: using the "epoll" event method
2023/01/12 15:32:02 [notice] 1#1: nginx/1.23.3
2023/01/12 15:32:02 [notice] 1#1: built by gcc 10.2.1 20210110 (Debian 10.2.1-6) 
2023/01/12 15:32:02 [notice] 1#1: OS: Linux 5.15.0-56-generic
2023/01/12 15:32:02 [notice] 1#1: getrlimit(RLIMIT_NOFILE): 1048576:1048576
2023/01/12 15:32:02 [notice] 1#1: start worker processes
2023/01/12 15:32:02 [notice] 1#1: start worker process 20
2023/01/12 15:32:02 [notice] 1#1: start worker process 21
2023/01/12 15:32:44 [error] 20#20: *1 open() "/var/www/favicon.ico" failed (2: No such file or directory), client: 192.168.0.1, server: server, request: "GET /favicon.ico HTTP/1.1", host: "127.0.0.1", referrer: "http://127.0.0.1/"
2023/01/12 15:36:37 [notice] 1#1: signal 3 (SIGQUIT) received, shutting down
2023/01/12 15:36:37 [notice] 21#21: gracefully shutting down
2023/01/12 15:36:37 [notice] 21#21: exiting
2023/01/12 15:36:37 [notice] 21#21: exit
2023/01/12 15:36:37 [notice] 20#20: gracefully shutting down
2023/01/12 15:36:37 [notice] 20#20: exiting
2023/01/12 15:36:37 [notice] 20#20: exit
2023/01/12 15:36:38 [notice] 1#1: signal 17 (SIGCHLD) received from 21
2023/01/12 15:36:38 [notice] 1#1: worker process 21 exited with code 0
2023/01/12 15:36:38 [notice] 1#1: signal 29 (SIGIO) received
2023/01/12 15:36:38 [notice] 1#1: signal 17 (SIGCHLD) received from 20
2023/01/12 15:36:38 [notice] 1#1: worker process 20 exited with code 0
2023/01/12 15:36:38 [notice] 1#1: exit
2023/01/12 15:36:41 [notice] 1#1: using the "epoll" event method
2023/01/12 15:36:41 [notice] 1#1: nginx/1.23.3
2023/01/12 15:36:41 [notice] 1#1: built by gcc 10.2.1 20210110 (Debian 10.2.1-6) 
2023/01/12 15:36:41 [notice] 1#1: OS: Linux 5.15.0-56-generic
2023/01/12 15:36:41 [notice] 1#1: getrlimit(RLIMIT_NOFILE): 1048576:1048576
2023/01/12 15:36:41 [notice] 1#1: start worker processes
2023/01/12 15:36:41 [notice] 1#1: start worker process 19
2023/01/12 15:36:41 [notice] 1#1: start worker process 20
2023/01/12 15:37:17 [error] 20#20: *3 "/etc/nginx/html/index.html" is not found (2: No such file or directory), client: 192.168.0.1, server: , request: "GET / HTTP/1.1", host: "127.0.0.1"
2023/01/12 15:38:59 [error] 20#20: *10 "/etc/nginx/html/index.html" is not found (2: No such file or directory), client: 192.168.0.1, server: , request: "GET / HTTP/1.1", host: "127.0.0.1"
2023/01/12 15:39:16 [notice] 1#1: signal 3 (SIGQUIT) received, shutting down
2023/01/12 15:39:16 [notice] 20#20: gracefully shutting down
2023/01/12 15:39:16 [notice] 19#19: gracefully shutting down
2023/01/12 15:39:16 [notice] 19#19: exiting
2023/01/12 15:39:16 [notice] 20#20: exiting
2023/01/12 15:39:16 [notice] 19#19: exit
2023/01/12 15:39:16 [notice] 20#20: exit
2023/01/12 15:39:16 [notice] 1#1: signal 17 (SIGCHLD) received from 19
2023/01/12 15:39:16 [notice] 1#1: worker process 19 exited with code 0
2023/01/12 15:39:16 [notice] 1#1: signal 29 (SIGIO) received
2023/01/12 15:39:16 [notice] 1#1: signal 17 (SIGCHLD) received from 20
2023/01/12 15:39:16 [notice] 1#1: worker process 20 exited with code 0
2023/01/12 15:39:16 [notice] 1#1: exit
2023/01/12 15:39:32 [notice] 1#1: using the "epoll" event method
2023/01/12 15:39:32 [notice] 1#1: nginx/1.23.3
2023/01/12 15:39:32 [notice] 1#1: built by gcc 10.2.1 20210110 (Debian 10.2.1-6) 
2023/01/12 15:39:32 [notice] 1#1: OS: Linux 5.15.0-56-generic
2023/01/12 15:39:32 [notice] 1#1: getrlimit(RLIMIT_NOFILE): 1048576:1048576
2023/01/12 15:39:32 [notice] 1#1: start worker processes
2023/01/12 15:39:32 [notice] 1#1: start worker process 20
2023/01/12 15:39:32 [notice] 1#1: start worker process 21
2023/01/12 15:39:41 [error] 20#20: *3 "/etc/nginx/html/index.html" is not found (2: No such file or directory), client: 192.168.16.1, server: , request: "GET / HTTP/1.1", host: "127.0.0.1"
2023/01/12 15:39:43 [error] 20#20: *3 "/etc/nginx/html/index.html" is not found (2: No such file or directory), client: 192.168.16.1, server: , request: "GET / HTTP/1.1", host: "127.0.0.1"
2023/01/12 15:41:13 [error] 21#21: *14 "/etc/nginx/html/index.html" is not found (2: No such file or directory), client: 192.168.16.1, server: , request: "GET / HTTP/1.1", host: "127.0.0.1"
2023/01/12 15:43:16 [error] 21#21: *18 "/etc/nginx/html/index.html" is not found (2: No such file or directory), client: 192.168.16.1, server: , request: "GET / HTTP/1.1", host: "127.0.0.1"
2023/01/13 10:16:17 [notice] 1#1: signal 3 (SIGQUIT) received, shutting down
2023/01/13 10:16:17 [notice] 21#21: gracefully shutting down
2023/01/13 10:16:17 [notice] 20#20: gracefully shutting down
2023/01/13 10:16:17 [notice] 21#21: exiting
2023/01/13 10:16:17 [notice] 20#20: exiting
2023/01/13 10:16:17 [notice] 20#20: exit
2023/01/13 10:16:17 [notice] 21#21: exit
2023/01/13 10:16:17 [notice] 1#1: signal 17 (SIGCHLD) received from 20
2023/01/13 10:16:17 [notice] 1#1: worker process 20 exited with code 0
2023/01/13 10:16:17 [notice] 1#1: signal 29 (SIGIO) received
2023/01/13 10:16:17 [notice] 1#1: signal 17 (SIGCHLD) received from 21
2023/01/13 10:16:17 [notice] 1#1: worker process 21 exited with code 0
2023/01/13 10:16:17 [notice] 1#1: exit
2023/01/13 10:16:38 [notice] 1#1: using the "epoll" event method
2023/01/13 10:16:38 [notice] 1#1: nginx/1.23.3
2023/01/13 10:16:38 [notice] 1#1: built by gcc 10.2.1 20210110 (Debian 10.2.1-6) 
2023/01/13 10:16:38 [notice] 1#1: OS: Linux 5.15.0-56-generic
2023/01/13 10:16:38 [notice] 1#1: getrlimit(RLIMIT_NOFILE): 1048576:1048576
2023/01/13 10:16:38 [notice] 1#1: start worker processes
2023/01/13 10:16:38 [notice] 1#1: start worker process 20
2023/01/13 10:16:38 [notice] 1#1: start worker process 21
2023/01/13 10:21:10 [notice] 1#1: signal 3 (SIGQUIT) received, shutting down
2023/01/13 10:21:10 [notice] 20#20: gracefully shutting down
2023/01/13 10:21:10 [notice] 20#20: exiting
2023/01/13 10:21:10 [notice] 21#21: gracefully shutting down
2023/01/13 10:21:10 [notice] 21#21: exiting
2023/01/13 10:21:10 [notice] 21#21: exit
2023/01/13 10:21:10 [notice] 20#20: exit
2023/01/13 10:21:10 [notice] 1#1: signal 17 (SIGCHLD) received from 21
2023/01/13 10:21:10 [notice] 1#1: worker process 21 exited with code 0
2023/01/13 10:21:10 [notice] 1#1: signal 29 (SIGIO) received
2023/01/13 10:21:10 [notice] 1#1: signal 17 (SIGCHLD) received from 20
2023/01/13 10:21:10 [notice] 1#1: worker process 20 exited with code 0
2023/01/13 10:21:10 [notice] 1#1: exit
2023/01/13 10:23:53 [notice] 1#1: using the "epoll" event method
2023/01/13 10:23:53 [notice] 1#1: nginx/1.23.3
2023/01/13 10:23:53 [notice] 1#1: built by gcc 10.2.1 20210110 (Debian 10.2.1-6) 
2023/01/13 10:23:53 [notice] 1#1: OS: Linux 5.15.0-56-generic
2023/01/13 10:23:53 [notice] 1#1: getrlimit(RLIMIT_NOFILE): 1048576:1048576
2023/01/13 10:23:53 [notice] 1#1: start worker processes
2023/01/13 10:23:53 [notice] 1#1: start worker process 20
2023/01/13 10:23:53 [notice] 1#1: start worker process 21
2023/01/13 10:24:38 [error] 20#20: *6 open() "/var/www/favicon.ico" failed (2: No such file or directory), client: 192.168.48.1, server: server, request: "GET /favicon.ico HTTP/1.1", host: "127.0.0.1", referrer: "http://127.0.0.1/"
2023/01/13 10:49:48 [notice] 1#1: using the "epoll" event method
2023/01/13 10:49:48 [notice] 1#1: nginx/1.23.3
2023/01/13 10:49:48 [notice] 1#1: built by gcc 10.2.1 20210110 (Debian 10.2.1-6) 
2023/01/13 10:49:48 [notice] 1#1: OS: Linux 5.15.0-56-generic
2023/01/13 10:49:48 [notice] 1#1: getrlimit(RLIMIT_NOFILE): 1048576:1048576
2023/01/13 10:49:48 [notice] 1#1: start worker processes
2023/01/13 10:49:48 [notice] 1#1: start worker process 20
2023/01/13 10:49:48 [notice] 1#1: start worker process 21
2023/01/13 11:13:54 [error] 20#20: *20 open() "/var/www/favicon.ico" failed (2: No such file or directory), client: 192.168.48.1, server: nginxtest.loc, request: "GET /favicon.ico HTTP/1.1", host: "nginxtest.loc", referrer: "https://nginxtest.loc/"
2023/01/13 11:15:02 [error] 20#20: *24 open() "/var/www/favicon.ico" failed (2: No such file or directory), client: 192.168.48.1, server: nginxtest.loc, request: "GET /favicon.ico HTTP/1.1", host: "nginxtest.loc", referrer: "https://nginxtest.loc/"
2023/01/13 11:58:14 [error] 21#21: *49 open() "/var/www/favicon.ico" failed (2: No such file or directory), client: 192.168.48.1, server: nginxtest.loc, request: "GET /favicon.ico HTTP/1.1", host: "nginxtest.loc", referrer: "https://nginxtest.loc/"
2023/01/13 12:02:34 [notice] 1#1: signal 3 (SIGQUIT) received, shutting down
2023/01/13 12:02:34 [notice] 21#21: gracefully shutting down
2023/01/13 12:02:34 [notice] 21#21: exiting
2023/01/13 12:02:34 [notice] 21#21: exit
2023/01/13 12:02:34 [notice] 20#20: gracefully shutting down
2023/01/13 12:02:34 [notice] 20#20: exiting
2023/01/13 12:02:34 [notice] 20#20: exit
2023/01/13 12:02:34 [notice] 1#1: signal 17 (SIGCHLD) received from 20
2023/01/13 12:02:34 [notice] 1#1: worker process 20 exited with code 0
2023/01/13 12:02:34 [notice] 1#1: signal 29 (SIGIO) received
2023/01/13 12:02:34 [notice] 1#1: signal 17 (SIGCHLD) received from 21
2023/01/13 12:02:34 [notice] 1#1: worker process 21 exited with code 0
2023/01/13 12:02:34 [notice] 1#1: exit
2023/01/13 12:02:39 [notice] 1#1: using the "epoll" event method
2023/01/13 12:02:39 [notice] 1#1: nginx/1.23.3
2023/01/13 12:02:39 [notice] 1#1: built by gcc 10.2.1 20210110 (Debian 10.2.1-6) 
2023/01/13 12:02:39 [notice] 1#1: OS: Linux 5.15.0-56-generic
2023/01/13 12:02:39 [notice] 1#1: getrlimit(RLIMIT_NOFILE): 1048576:1048576
2023/01/13 12:02:39 [notice] 1#1: start worker processes
2023/01/13 12:02:39 [notice] 1#1: start worker process 20
2023/01/13 12:02:39 [notice] 1#1: start worker process 21
2023/01/13 12:16:29 [notice] 1#1: signal 3 (SIGQUIT) received, shutting down
2023/01/13 12:16:29 [notice] 21#21: gracefully shutting down
2023/01/13 12:16:29 [notice] 21#21: exiting
2023/01/13 12:16:29 [notice] 21#21: exit
2023/01/13 12:16:29 [notice] 20#20: gracefully shutting down
2023/01/13 12:16:29 [notice] 20#20: exiting
2023/01/13 12:16:29 [notice] 20#20: exit
2023/01/13 12:16:29 [notice] 1#1: signal 17 (SIGCHLD) received from 20
2023/01/13 12:16:29 [notice] 1#1: worker process 20 exited with code 0
2023/01/13 12:16:29 [notice] 1#1: signal 29 (SIGIO) received
2023/01/13 12:16:29 [notice] 1#1: signal 17 (SIGCHLD) received from 21
2023/01/13 12:16:29 [notice] 1#1: worker process 21 exited with code 0
2023/01/13 12:16:29 [notice] 1#1: exit
2023/01/13 12:17:11 [notice] 1#1: using the "epoll" event method
2023/01/13 12:17:11 [notice] 1#1: nginx/1.23.3
2023/01/13 12:17:11 [notice] 1#1: built by gcc 10.2.1 20210110 (Debian 10.2.1-6) 
2023/01/13 12:17:11 [notice] 1#1: OS: Linux 5.15.0-56-generic
2023/01/13 12:17:11 [notice] 1#1: getrlimit(RLIMIT_NOFILE): 1048576:1048576
2023/01/13 12:17:11 [notice] 1#1: start worker processes
2023/01/13 12:17:11 [notice] 1#1: start worker process 20
2023/01/13 12:17:11 [notice] 1#1: start worker process 21
2023/01/13 12:35:11 [notice] 1#1: signal 3 (SIGQUIT) received, shutting down
2023/01/13 12:35:11 [notice] 21#21: gracefully shutting down
2023/01/13 12:35:11 [notice] 21#21: exiting
2023/01/13 12:35:11 [notice] 21#21: exit
2023/01/13 12:35:11 [notice] 20#20: gracefully shutting down
2023/01/13 12:35:11 [notice] 20#20: exiting
2023/01/13 12:35:11 [notice] 20#20: exit
2023/01/13 12:35:11 [notice] 1#1: signal 17 (SIGCHLD) received from 21
2023/01/13 12:35:11 [notice] 1#1: worker process 21 exited with code 0
2023/01/13 12:35:11 [notice] 1#1: signal 29 (SIGIO) received
2023/01/13 12:35:11 [notice] 1#1: signal 17 (SIGCHLD) received from 20
2023/01/13 12:35:11 [notice] 1#1: worker process 20 exited with code 0
2023/01/13 12:35:11 [notice] 1#1: exit
2023/01/13 12:35:14 [notice] 1#1: using the "epoll" event method
2023/01/13 12:35:14 [notice] 1#1: nginx/1.23.3
2023/01/13 12:35:14 [notice] 1#1: built by gcc 10.2.1 20210110 (Debian 10.2.1-6) 
2023/01/13 12:35:14 [notice] 1#1: OS: Linux 5.15.0-56-generic
2023/01/13 12:35:14 [notice] 1#1: getrlimit(RLIMIT_NOFILE): 1048576:1048576
2023/01/13 12:35:14 [notice] 1#1: start worker processes
2023/01/13 12:35:14 [notice] 1#1: start worker process 20
2023/01/13 12:35:14 [notice] 1#1: start worker process 21
2023/01/13 12:36:14 [error] 21#21: *9 open() "/var/www/favicon.ico" failed (2: No such file or directory), client: 172.20.0.1, server: nginxtest.loc, request: "GET /favicon.ico HTTP/1.1", host: "nginxtest.loc", referrer: "https://nginxtest.loc/"
2023/01/13 16:33:01 [notice] 1#1: signal 3 (SIGQUIT) received, shutting down
2023/01/13 16:33:01 [notice] 20#20: gracefully shutting down
2023/01/13 16:33:01 [notice] 20#20: exiting
2023/01/13 16:33:01 [notice] 21#21: gracefully shutting down
2023/01/13 16:33:01 [notice] 21#21: exiting
2023/01/13 16:33:01 [notice] 20#20: exit
2023/01/13 16:33:01 [notice] 21#21: exit
2023/01/13 16:33:02 [notice] 1#1: signal 17 (SIGCHLD) received from 20
2023/01/13 16:33:02 [notice] 1#1: worker process 20 exited with code 0
2023/01/13 16:33:02 [notice] 1#1: signal 29 (SIGIO) received
2023/01/13 16:33:02 [notice] 1#1: signal 17 (SIGCHLD) received from 21
2023/01/13 16:33:02 [notice] 1#1: worker process 21 exited with code 0
2023/01/13 16:33:02 [notice] 1#1: exit
2023/01/13 16:33:15 [notice] 1#1: using the "epoll" event method
2023/01/13 16:33:15 [notice] 1#1: nginx/1.23.3
2023/01/13 16:33:15 [notice] 1#1: built by gcc 10.2.1 20210110 (Debian 10.2.1-6) 
2023/01/13 16:33:15 [notice] 1#1: OS: Linux 5.15.0-56-generic
2023/01/13 16:33:15 [notice] 1#1: getrlimit(RLIMIT_NOFILE): 1048576:1048576
2023/01/13 16:33:15 [notice] 1#1: start worker processes
2023/01/13 16:33:15 [notice] 1#1: start worker process 20
2023/01/13 16:33:15 [notice] 1#1: start worker process 21
2023/01/13 16:34:40 [error] 21#21: *20 open() "/var/www/favicon.ico" failed (2: No such file or directory), client: 172.21.0.1, server: server, request: "GET /favicon.ico HTTP/1.1", host: "localhost", referrer: "http://localhost/"
2023/01/13 16:38:23 [notice] 1#1: signal 3 (SIGQUIT) received, shutting down
2023/01/13 16:38:23 [notice] 20#20: gracefully shutting down
2023/01/13 16:38:23 [notice] 21#21: gracefully shutting down
2023/01/13 16:38:23 [notice] 20#20: exiting
2023/01/13 16:38:23 [notice] 21#21: exiting
2023/01/13 16:38:23 [notice] 20#20: exit
2023/01/13 16:38:23 [notice] 21#21: exit
2023/01/13 16:38:23 [notice] 1#1: signal 17 (SIGCHLD) received from 20
2023/01/13 16:38:23 [notice] 1#1: worker process 20 exited with code 0
2023/01/13 16:38:23 [notice] 1#1: signal 29 (SIGIO) received
2023/01/13 16:38:23 [notice] 1#1: signal 17 (SIGCHLD) received from 21
2023/01/13 16:38:23 [notice] 1#1: worker process 21 exited with code 0
2023/01/13 16:38:23 [notice] 1#1: exit
2023/01/13 16:38:25 [notice] 1#1: using the "epoll" event method
2023/01/13 16:38:25 [notice] 1#1: nginx/1.23.3
2023/01/13 16:38:25 [notice] 1#1: built by gcc 10.2.1 20210110 (Debian 10.2.1-6) 
2023/01/13 16:38:25 [notice] 1#1: OS: Linux 5.15.0-56-generic
2023/01/13 16:38:25 [notice] 1#1: getrlimit(RLIMIT_NOFILE): 1048576:1048576
2023/01/13 16:38:25 [notice] 1#1: start worker processes
2023/01/13 16:38:25 [notice] 1#1: start worker process 20
2023/01/13 16:38:25 [notice] 1#1: start worker process 21
2023/01/13 16:48:38 [error] 20#20: *13 open() "/var/www/favicon.ico" failed (2: No such file or directory), client: 172.21.0.1, server: server, request: "GET /favicon.ico HTTP/1.1", host: "127.0.0.1", referrer: "http://127.0.0.1/"
2023/01/13 16:49:16 [error] 21#21: *15 open() "/var/www/favicon.ico" failed (2: No such file or directory), client: 172.21.0.1, server: nginxtest.loc, request: "GET /favicon.ico HTTP/1.1", host: "nginxtest.loc", referrer: "https://nginxtest.loc/"
2023/01/13 17:04:44 [notice] 1#1: signal 3 (SIGQUIT) received, shutting down
2023/01/13 17:04:44 [notice] 20#20: gracefully shutting down
2023/01/13 17:04:44 [notice] 21#21: gracefully shutting down
2023/01/13 17:04:44 [notice] 20#20: exiting
2023/01/13 17:04:44 [notice] 21#21: exiting
2023/01/13 17:04:44 [notice] 21#21: exit
2023/01/13 17:04:44 [notice] 20#20: exit
2023/01/13 17:04:44 [notice] 1#1: signal 17 (SIGCHLD) received from 21
2023/01/13 17:04:44 [notice] 1#1: worker process 21 exited with code 0
2023/01/13 17:04:44 [notice] 1#1: signal 29 (SIGIO) received
2023/01/13 17:04:44 [notice] 1#1: signal 17 (SIGCHLD) received from 20
2023/01/13 17:04:44 [notice] 1#1: worker process 20 exited with code 0
2023/01/13 17:04:44 [notice] 1#1: exit
2023/01/13 17:04:47 [notice] 1#1: using the "epoll" event method
2023/01/13 17:04:47 [notice] 1#1: nginx/1.23.3
2023/01/13 17:04:47 [notice] 1#1: built by gcc 10.2.1 20210110 (Debian 10.2.1-6) 
2023/01/13 17:04:47 [notice] 1#1: OS: Linux 5.15.0-56-generic
2023/01/13 17:04:47 [notice] 1#1: getrlimit(RLIMIT_NOFILE): 1048576:1048576
2023/01/13 17:04:47 [notice] 1#1: start worker processes
2023/01/13 17:04:47 [notice] 1#1: start worker process 20
2023/01/13 17:04:47 [notice] 1#1: start worker process 21
